0 info it worked if it ends with ok
1 verbose cli [ 'D:\\Program Files\\nodejs\\node.exe',
1 verbose cli   'C:\\Users\\Brian\\AppData\\Roaming\\npm\\node_modules\\npm\\bin\\npm-cli.js',
1 verbose cli   'start' ]
2 info using npm@3.9.6
3 info using node@v4.4.5
4 verbose run-script [ 'prestart', 'start', 'poststart' ]
5 info lifecycle @caesura/amoe@1.0.0~prestart: @caesura/amoe@1.0.0
6 silly lifecycle @caesura/amoe@1.0.0~prestart: no script for prestart, continuing
7 info lifecycle @caesura/amoe@1.0.0~start: @caesura/amoe@1.0.0
8 verbose lifecycle @caesura/amoe@1.0.0~start: unsafe-perm in lifecycle true
9 verbose lifecycle @caesura/amoe@1.0.0~start: PATH: C:\Users\Brian\AppData\Roaming\npm\node_modules\npm\bin\node-gyp-bin;D:\Cloud\Dropbox\Apps\Heroku\amoe-b\node_modules\.bin;D:\Program Files\nodejs;C:\Program Files\Java\jdk1.8.0_60\bin;C:\Program Files (x86)\Common Files\Intel\Shared Files\cpp\bin\Intel64;C:\Program Files (x86)\NVIDIA Corporation\PhysX\Common;C:\ProgramData\Oracle\Java\javapath;C:\Windows\system32;C:\Windows;C:\Windows\System32\Wbem;C:\Windows\System32\WindowsPowerShell\v1.0\;D:\Program Files\MATLAB\MATLAB Production Server\R2015a\runtime\win64;D:\Program Files\MATLAB\MATLAB Production Server\R2015a\bin;D:\Program Files\MATLAB\MATLAB Production Server\R2015a\polyspace\bin;D:\Aldec\Active-HDL Student Edition\bin;D:\Program Files (x86)\Aldec\Active-HDL 6.3\BIN;C:\MinGW\bin;D:\Program Files (x86)\Windows Kits\8.1\Windows Performance Toolkit\;D:\Cloud\Dropbox\J\@@projectetc\@Dao\;D:\HaxeToolkit\haxe\;D:\HaxeToolkit\neko;D:\Program Files (x86)\CMake\bin;D:\Program Files\nodejs\;C:\Users\Brian\.cargo\bin;C:\Program Files\Java\jdk1.8.0_60\bin;C:\MinGW\bin;D:\Python34;D:\Cloud\Dropbox\J\@@projectetc\@Dao\;D:\Program Files (x86)\Dr. Memory\bin\;C:\Users\Brian\AppData\Roaming\npm
10 verbose lifecycle @caesura/amoe@1.0.0~start: CWD: D:\Cloud\Dropbox\Apps\Heroku\amoe-b
11 silly lifecycle @caesura/amoe@1.0.0~start: Args: [ '/d /s /c', 'node index.js' ]
12 silly lifecycle @caesura/amoe@1.0.0~start: Returned: code: 1  signal: null
13 info lifecycle @caesura/amoe@1.0.0~start: Failed to exec start script
14 verbose stack Error: @caesura/amoe@1.0.0 start: `node index.js`
14 verbose stack Exit status 1
14 verbose stack     at EventEmitter.<anonymous> (C:\Users\Brian\AppData\Roaming\npm\node_modules\npm\lib\utils\lifecycle.js:245:16)
14 verbose stack     at emitTwo (events.js:87:13)
14 verbose stack     at EventEmitter.emit (events.js:172:7)
14 verbose stack     at ChildProcess.<anonymous> (C:\Users\Brian\AppData\Roaming\npm\node_modules\npm\lib\utils\spawn.js:24:14)
14 verbose stack     at emitTwo (events.js:87:13)
14 verbose stack     at ChildProcess.emit (events.js:172:7)
14 verbose stack     at maybeClose (internal/child_process.js:827:16)
14 verbose stack     at Process.ChildProcess._handle.onexit (internal/child_process.js:211:5)
15 verbose pkgid @caesura/amoe@1.0.0
16 verbose cwd D:\Cloud\Dropbox\Apps\Heroku\amoe-b\app
17 error Windows_NT 6.3.9600
18 error argv "D:\\Program Files\\nodejs\\node.exe" "C:\\Users\\Brian\\AppData\\Roaming\\npm\\node_modules\\npm\\bin\\npm-cli.js" "start"
19 error node v4.4.5
20 error npm  v3.9.6
21 error code ELIFECYCLE
22 error @caesura/amoe@1.0.0 start: `node index.js`
22 error Exit status 1
23 error Failed at the @caesura/amoe@1.0.0 start script 'node index.js'.
23 error Make sure you have the latest version of node.js and npm installed.
23 error If you do, this is most likely a problem with the @caesura/amoe package,
23 error not with npm itself.
23 error Tell the author that this fails on your system:
23 error     node index.js
23 error You can get information on how to open an issue for this project with:
23 error     npm bugs @caesura/amoe
23 error Or if that isn't available, you can get their info via:
23 error     npm owner ls @caesura/amoe
23 error There is likely additional logging output above.
24 verbose exit [ 1, true ]
